c:\users\baaar\source\repos\projekt1po\projekt1po\debug\vc142.pdb
c:\users\baaar\source\repos\projekt1po\projekt1po\debug\vc142.idb
c:\users\baaar\source\repos\projekt1po\projekt1po\debug\zwierze.obj
c:\users\baaar\source\repos\projekt1po\projekt1po\debug\wilk.obj
c:\users\baaar\source\repos\projekt1po\projekt1po\debug\roslina.obj
c:\users\baaar\source\repos\projekt1po\projekt1po\debug\zolw.obj
c:\users\baaar\source\repos\projekt1po\projekt1po\debug\owca.obj
c:\users\baaar\source\repos\projekt1po\projekt1po\debug\lis.obj
c:\users\baaar\source\repos\projekt1po\projekt1po\debug\czlowiek.obj
c:\users\baaar\source\repos\projekt1po\projekt1po\debug\antylopa.obj
c:\users\baaar\source\repos\projekt1po\projekt1po\debug\projekt1po.obj
c:\users\baaar\source\repos\projekt1po\projekt1po\debug\swiat.obj
c:\users\baaar\source\repos\projekt1po\projekt1po\debug\wilcze_jagody.obj
c:\users\baaar\source\repos\projekt1po\projekt1po\debug\trawa.obj
c:\users\baaar\source\repos\projekt1po\projekt1po\debug\guarana.obj
c:\users\baaar\source\repos\projekt1po\projekt1po\debug\barszcz_sosnowskiego.obj
c:\users\baaar\source\repos\projekt1po\projekt1po\debug\organizm.obj
c:\users\baaar\source\repos\projekt1po\projekt1po\debug\mlecz.obj
c:\users\baaar\source\repos\projekt1po\debug\projekt1po.exe
c:\users\baaar\source\repos\projekt1po\debug\projekt1po.ilk
c:\users\baaar\source\repos\projekt1po\debug\projekt1po.pdb
c:\users\baaar\source\repos\projekt1po\projekt1po\debug\swiat.obj.enc
c:\users\baaar\source\repos\projekt1po\projekt1po\debug\projekt1po.tlog\cl.command.1.tlog
c:\users\baaar\source\repos\projekt1po\projekt1po\debug\projekt1po.tlog\cl.read.1.tlog
c:\users\baaar\source\repos\projekt1po\projekt1po\debug\projekt1po.tlog\cl.write.1.tlog
c:\users\baaar\source\repos\projekt1po\projekt1po\debug\projekt1po.tlog\link.command.1.tlog
c:\users\baaar\source\repos\projekt1po\projekt1po\debug\projekt1po.tlog\link.read.1.tlog
c:\users\baaar\source\repos\projekt1po\projekt1po\debug\projekt1po.tlog\link.write.1.tlog
